#
# There is insufficient memory for the Java Runtime Environment to continue.
# Native memory allocation (malloc) failed to allocate 1152160 bytes for Chunk::new
# Possible reasons:
#   The system is out of physical RAM or swap space
#   The process is running with CompressedOops enabled, and the Java Heap may be blocking the growth of the native heap
# Possible solutions:
#   Reduce memory load on the system
#   Increase physical memory or swap space
#   Check if swap backing store is full
#   Decrease Java heap size (-Xmx/-Xms)
#   Decrease number of Java threads
#   Decrease Java thread stack sizes (-Xss)
#   Set larger code cache with -XX:ReservedCodeCacheSize=
#   JVM is running with Unscaled Compressed Oops mode in which the Java heap is
#     placed in the first 4GB address space. The Java Heap base address is the
#     maximum limit for the native heap growth. Please use -XX:HeapBaseMinAddress
#     to set the Java Heap base and to place the Java Heap above 4GB virtual address.
# This output file may be truncated or incomplete.
#
#  Out of Memory Error (allocation.cpp:389), pid=6288, tid=0x0000000000000784
#
# JRE version: OpenJDK Runtime Environment (8.0_202-b03) (build 1.8.0_202-release-1483-b03)
# Java VM: OpenJDK 64-Bit Server VM (25.202-b03 mixed mode windows-amd64 compressed oops)
# Failed to write core dump. Minidumps are not enabled by default on client versions of Windows
#

---------------  T H R E A D  ---------------

Current thread (0x0000000016233800):  JavaThread "C2 CompilerThread0" daemon [_thread_in_native, id=1924, stack(0x0000000017b80000,0x0000000017c80000)]

Stack: [0x0000000017b80000,0x0000000017c80000]
[error occurred during error reporting (printing stack bounds), id 0xc0000005]

Native frames: (J=compiled Java code, j=interpreted, Vv=VM code, C=native code)


Current CompileTask:
C2:  51435 14002       4       org.gradle.internal.component.local.model.DefaultLocalComponentMetadata::addVariant (127 bytes)


---------------  P R O C E S S  ---------------

Java Threads: ( => current thread )
  0x000000001c424000 JavaThread "Memory manager" [_thread_blocked, id=3740, stack(0x00000000231a0000,0x00000000232a0000)]
  0x000000001c428800 JavaThread "File lock release action executor" [_thread_blocked, id=12952, stack(0x00000000222a0000,0x00000000223a0000)]
  0x000000001c425800 JavaThread "Cache worker for Build Output Cleanup Cache (F:\workspace\work\xpx\xpxproject\.gradle\buildOutputCleanup)" [_thread_blocked, id=356, stack(0x0000000021ba0000,0x0000000021ca0000)]
  0x000000001c420000 JavaThread "Build operations Thread 4" [_thread_blocked, id=17232, stack(0x00000000214a0000,0x00000000215a0000)]
  0x000000001c427000 JavaThread "Build operations Thread 3" [_thread_blocked, id=14208, stack(0x00000000202f0000,0x00000000203f0000)]
  0x000000001c422800 JavaThread "Build operations Thread 2" [_thread_blocked, id=13520, stack(0x00000000201f0000,0x00000000202f0000)]
  0x000000001c426000 JavaThread "Build operations" [_thread_blocked, id=6136, stack(0x00000000200f0000,0x00000000201f0000)]
  0x0000000018b5f800 JavaThread "Cache worker for execution history cache (C:\Users\xpx\.gradle\caches\5.1.1\executionHistory)" [_thread_blocked, id=9968, stack(0x000000001f900000,0x000000001fa00000)]
  0x0000000018b5f000 JavaThread "Cache worker for cache directory md-rule (C:\Users\xpx\.gradle\caches\5.1.1\md-rule)" [_thread_blocked, id=540, stack(0x000000001f800000,0x000000001f900000)]
  0x0000000018b5d800 JavaThread "Cache worker for cache directory md-supplier (C:\Users\xpx\.gradle\caches\5.1.1\md-supplier)" [_thread_blocked, id=10296, stack(0x000000001e670000,0x000000001e770000)]
  0x0000000018b5a800 JavaThread "Cache worker for file hash cache (F:\workspace\work\xpx\xpxproject\.gradle\5.1.1\fileHashes)" [_thread_blocked, id=5088, stack(0x000000001caa0000,0x000000001cba0000)]
  0x0000000018b59800 JavaThread "Cache worker for journal cache (C:\Users\xpx\.gradle\caches\journal-1)" [_thread_blocked, id=11176, stack(0x000000001a800000,0x000000001a900000)]
  0x0000000018b60800 JavaThread "File lock request listener" [_thread_in_native, id=12576, stack(0x000000001a700000,0x000000001a800000)]
  0x0000000018c3f000 JavaThread "Cache worker for file hash cache (C:\Users\xpx\.gradle\caches\5.1.1\fileHashes)" [_thread_blocked, id=10988, stack(0x000000001a600000,0x000000001a700000)]
  0x000000001830f000 JavaThread "Thread-8" [_thread_in_native, id=10852, stack(0x000000001a500000,0x000000001a600000)]
  0x000000001830a000 JavaThread "Stdin handler" [_thread_blocked, id=16252, stack(0x000000001a400000,0x000000001a500000)]
  0x000000001825a800 JavaThread "Asynchronous log dispatcher for DefaultDaemonConnection: socket connection from /127.0.0.1:49421 to /127.0.0.1:49422" [_thread_blocked, id=12388, stack(0x000000001a300000,0x000000001a400000)]
  0x00000000177ad000 JavaThread "Daemon worker" [_thread_in_Java, id=11360, stack(0x000000001a200000,0x000000001a300000)]
  0x00000000177ac000 JavaThread "Cancel handler" [_thread_blocked, id=16632, stack(0x000000001a100000,0x000000001a200000)]
  0x000000001819b800 JavaThread "Handler for socket connection from /127.0.0.1:49421 to /127.0.0.1:49422" [_thread_in_native, id=9660, stack(0x0000000019e00000,0x0000000019f00000)]
  0x000000001816a000 JavaThread "Daemon" [_thread_blocked, id=5988, stack(0x0000000019d00000,0x0000000019e00000)]
  0x0000000017645800 JavaThread "Daemon periodic checks" [_thread_blocked, id=13584, stack(0x0000000019c00000,0x0000000019d00000)]
  0x0000000017644800 JavaThread "Incoming local TCP Connector on port 49421" [_thread_in_native, id=4648, stack(0x0000000019a50000,0x0000000019b50000)]
  0x00000000175e6800 JavaThread "Service Thread" daemon [_thread_blocked, id=10272, stack(0x0000000017e80000,0x0000000017f80000)]
  0x00000000175dd800 JavaThread "C1 CompilerThread2" daemon [_thread_blocked, id=10660, stack(0x0000000017d80000,0x0000000017e80000)]
  0x000000001758b800 JavaThread "C2 CompilerThread1" daemon [_thread_in_native, id=7468, stack(0x0000000017c80000,0x0000000017d80000)]
=>0x0000000016233800 JavaThread "C2 CompilerThread0" daemon [_thread_in_native, id=1924, stack(0x0000000017b80000,0x0000000017c80000)]
  0x000000001627e000 JavaThread "Attach Listener" daemon [_thread_blocked, id=8232, stack(0x0000000017a80000,0x0000000017b80000)]
  0x000000001621c800 JavaThread "Signal Dispatcher" daemon [_thread_blocked, id=10176, stack(0x0000000017980000,0x0000000017a80000)]
  0x00000000028a4000 JavaThread "Finalizer" daemon [_thread_blocked, id=10932, stack(0x0000000017480000,0x0000000017580000)]
  0x00000000028a1000 JavaThread "Reference Handler" daemon [_thread_blocked, id=11516, stack(0x0000000017380000,0x0000000017480000)]
  0x00000000026ad800 JavaThread "main" [_thread_blocked, id=17160, stack(0x0000000002530000,0x0000000002630000)]

Other Threads:
  0x00000000161e6800 VMThread [stack: 0x0000000017280000,0x0000000017380000] [id=6140]
  0x00000000175e8000 WatcherThread [stack: 0x0000000017f80000,0x0000000018080000] [id=10544]

VM state:not at safepoint (normal execution)

VM Mutex/Monitor currently owned by a thread: None

heap address: 0x00000000a0000000, size: 1536 MB, Compressed Oops mode: 32-bit
Narrow klass base: 0x0000000000000000, Narrow klass shift: 3
Compressed class space size: 1073741824 Address: 0x0000000100000000

Heap:
 PSYoungGen      total 388608K, used 53477K [0x00000000e0000000, 0x00000000fa580000, 0x0000000100000000)
  eden space 353792K, 14% used [0x00000000e0000000,0x00000000e33b13e0,0x00000000f5980000)
  from space 34816K, 1% used [0x00000000f7a00000,0x00000000f7a88160,0x00000000f9c00000)
  to   space 33280K, 0% used [0x00000000f5980000,0x00000000f5980000,0x00000000f7a00000)
 ParOldGen       total 262656K, used 127032K [0x00000000a0000000, 0x00000000b0080000, 0x00000000e0000000)
  object space 262656K, 48% used [0x00000000a0000000,0x00000000a7c0e340,0x00000000b0080000)
 Metaspace       used 70609K, capacity 77060K, committed 77184K, reserved 1116160K
  class space    used 9445K, capacity 11107K, committed 11136K, reserved 1048576K

Card table byte_map: [0x0000000011c70000,0x0000000011f80000] byte_map_base: 0x0000000011770000

Marking Bits: (ParMarkBitMap*) 0x000000005a989f30
 Begin Bits: [0x0000000012580000, 0x0000000013d80000)
 End Bits:   [0x0000000013d80000, 0x0000000015580000)

Polling page: 0x0000000000760000

CodeCache: size=245760Kb used=41175Kb max_used=41377Kb free=204584Kb
 bounds [0x00000000028b0000, 0x0000000005160000, 0x00000000118b0000]
 total_blobs=12881 nmethods=12069 adapters=724
 compilation: enabled

Compilation events (10 events):
Event: 51.361 Thread 0x00000000175dd800 14031       1       org.gradle.api.internal.artifacts.ivyservice.resolveengine.artifact.ResolvedArtifactSet$2::startVisit (4 bytes)
Event: 51.361 Thread 0x00000000175dd800 nmethod 14031 0x00000000033d7ad0 code [0x00000000033d7c20, 0x00000000033d7d30]
Event: 51.400 Thread 0x00000000175dd800 14032       3       java.util.TreeSet::<init> (11 bytes)
Event: 51.401 Thread 0x00000000175dd800 nmethod 14032 0x000000000451a750 code [0x000000000451a900, 0x000000000451ae08]
Event: 51.416 Thread 0x00000000175dd800 14033       3       org.gradle.api.internal.artifacts.ivyservice.resolveengine.graph.builder.ResolveState::getSelectors (10 bytes)
Event: 51.416 Thread 0x00000000175dd800 nmethod 14033 0x000000000343efd0 code [0x000000000343f140, 0x000000000343f368]
Event: 51.416 Thread 0x00000000175dd800 14034       3       org.gradle.api.internal.artifacts.ivyservice.resolveengine.graph.builder.ResolveState::getNodes (10 bytes)
Event: 51.416 Thread 0x00000000175dd800 nmethod 14034 0x000000000346b890 code [0x000000000346ba00, 0x000000000346bc28]
Event: 51.416 Thread 0x00000000175dd800 14035       3       org.gradle.api.internal.artifacts.ivyservice.resolveengine.graph.builder.ResolveState::getNodeCount (10 bytes)
Event: 51.416 Thread 0x00000000175dd800 nmethod 14035 0x00000000034c3ad0 code [0x00000000034c3c40, 0x00000000034c3e68]

GC Heap History (10 events):
Event: 29.791 GC heap before
{Heap before GC invocations=18 (full 3):
 PSYoungGen      total 243712K, used 228352K [0x00000000e0000000, 0x00000000f0480000, 0x0000000100000000)
  eden space 228352K, 100% used [0x00000000e0000000,0x00000000edf00000,0x00000000edf00000)
  from space 15360K, 0% used [0x00000000eee00000,0x00000000eee00000,0x00000000efd00000)
  to   space 15360K, 0% used [0x00000000edf00000,0x00000000edf00000,0x00000000eee00000)
 ParOldGen       total 127488K, used 36653K [0x00000000a0000000, 0x00000000a7c80000, 0x00000000e0000000)
  object space 127488K, 28% used [0x00000000a0000000,0x00000000a23cb460,0x00000000a7c80000)
 Metaspace       used 64422K, capacity 69786K, committed 70016K, reserved 1110016K
  class space    used 8765K, capacity 10264K, committed 10368K, reserved 1048576K
Event: 29.874 GC heap after
Heap after GC invocations=18 (full 3):
 PSYoungGen      total 243712K, used 15336K [0x00000000e0000000, 0x00000000f5680000, 0x0000000100000000)
  eden space 228352K, 0% used [0x00000000e0000000,0x00000000e0000000,0x00000000edf00000)
  from space 15360K, 99% used [0x00000000edf00000,0x00000000eedfa030,0x00000000eee00000)
  to   space 27136K, 0% used [0x00000000f3c00000,0x00000000f3c00000,0x00000000f5680000)
 ParOldGen       total 127488K, used 62993K [0x00000000a0000000, 0x00000000a7c80000, 0x00000000e0000000)
  object space 127488K, 49% used [0x00000000a0000000,0x00000000a3d84458,0x00000000a7c80000)
 Metaspace       used 64422K, capacity 69786K, committed 70016K, reserved 1110016K
  class space    used 8765K, capacity 10264K, committed 10368K, reserved 1048576K
}
Event: 33.711 GC heap before
{Heap before GC invocations=19 (full 3):
 PSYoungGen      total 243712K, used 243688K [0x00000000e0000000, 0x00000000f5680000, 0x0000000100000000)
  eden space 228352K, 100% used [0x00000000e0000000,0x00000000edf00000,0x00000000edf00000)
  from space 15360K, 99% used [0x00000000edf00000,0x00000000eedfa030,0x00000000eee00000)
  to   space 27136K, 0% used [0x00000000f3c00000,0x00000000f3c00000,0x00000000f5680000)
 ParOldGen       total 127488K, used 62993K [0x00000000a0000000, 0x00000000a7c80000, 0x00000000e0000000)
  object space 127488K, 49% used [0x00000000a0000000,0x00000000a3d84458,0x00000000a7c80000)
 Metaspace       used 67795K, capacity 73586K, committed 73856K, reserved 1112064K
  class space    used 9189K, capacity 10786K, committed 10880K, reserved 1048576K
Event: 33.815 GC heap after
Heap after GC invocations=19 (full 3):
 PSYoungGen      total 315904K, used 27112K [0x00000000e0000000, 0x00000000f6b80000, 0x0000000100000000)
  eden space 288768K, 0% used [0x00000000e0000000,0x00000000e0000000,0x00000000f1a00000)
  from space 27136K, 99% used [0x00000000f3c00000,0x00000000f567a030,0x00000000f5680000)
  to   space 34816K, 0% used [0x00000000f1a00000,0x00000000f1a00000,0x00000000f3c00000)
 ParOldGen       total 127488K, used 72379K [0x00000000a0000000, 0x00000000a7c80000, 0x00000000e0000000)
  object space 127488K, 56% used [0x00000000a0000000,0x00000000a46aef18,0x00000000a7c80000)
 Metaspace       used 67795K, capacity 73586K, committed 73856K, reserved 1112064K
  class space    used 9189K, capacity 10786K, committed 10880K, reserved 1048576K
}
Event: 41.488 GC heap before
{Heap before GC invocations=20 (full 3):
 PSYoungGen      total 315904K, used 315880K [0x00000000e0000000, 0x00000000f6b80000, 0x0000000100000000)
  eden space 288768K, 100% used [0x00000000e0000000,0x00000000f1a00000,0x00000000f1a00000)
  from space 27136K, 99% used [0x00000000f3c00000,0x00000000f567a030,0x00000000f5680000)
  to   space 34816K, 0% used [0x00000000f1a00000,0x00000000f1a00000,0x00000000f3c00000)
 ParOldGen       total 127488K, used 72379K [0x00000000a0000000, 0x00000000a7c80000, 0x00000000e0000000)
  object space 127488K, 56% used [0x00000000a0000000,0x00000000a46aef18,0x00000000a7c80000)
 Metaspace       used 70326K, capacity 76646K, committed 76928K, reserved 1116160K
  class space    used 9435K, capacity 11094K, committed 11136K, reserved 1048576K
Event: 41.649 GC heap after
Heap after GC invocations=20 (full 3):
 PSYoungGen      total 323584K, used 19090K [0x00000000e0000000, 0x00000000f9c00000, 0x0000000100000000)
  eden space 288768K, 0% used [0x00000000e0000000,0x00000000e0000000,0x00000000f1a00000)
  from space 34816K, 54% used [0x00000000f1a00000,0x00000000f2ca48b0,0x00000000f3c00000)
  to   space 34816K, 0% used [0x00000000f7a00000,0x00000000f7a00000,0x00000000f9c00000)
 ParOldGen       total 127488K, used 99047K [0x00000000a0000000, 0x00000000a7c80000, 0x00000000e0000000)
  object space 127488K, 77% used [0x00000000a0000000,0x00000000a60b9cc8,0x00000000a7c80000)
 Metaspace       used 70326K, capacity 76646K, committed 76928K, reserved 1116160K
  class space    used 9435K, capacity 11094K, committed 11136K, reserved 1048576K
}
Event: 47.962 GC heap before
{Heap before GC invocations=21 (full 3):
 PSYoungGen      total 323584K, used 307858K [0x00000000e0000000, 0x00000000f9c00000, 0x0000000100000000)
  eden space 288768K, 100% used [0x00000000e0000000,0x00000000f1a00000,0x00000000f1a00000)
  from space 34816K, 54% used [0x00000000f1a00000,0x00000000f2ca48b0,0x00000000f3c00000)
  to   space 34816K, 0% used [0x00000000f7a00000,0x00000000f7a00000,0x00000000f9c00000)
 ParOldGen       total 127488K, used 99047K [0x00000000a0000000, 0x00000000a7c80000, 0x00000000e0000000)
  object space 127488K, 77% used [0x00000000a0000000,0x00000000a60b9cc8,0x00000000a7c80000)
 Metaspace       used 70610K, capacity 77110K, committed 77184K, reserved 1116160K
  class space    used 9451K, capacity 11118K, committed 11136K, reserved 1048576K
Event: 48.372 GC heap after
Heap after GC invocations=21 (full 3):
 PSYoungGen      total 388608K, used 17024K [0x00000000e0000000, 0x00000000fa580000, 0x0000000100000000)
  eden space 353792K, 0% used [0x00000000e0000000,0x00000000e0000000,0x00000000f5980000)
  from space 34816K, 48% used [0x00000000f7a00000,0x00000000f8aa0000,0x00000000f9c00000)
  to   space 33280K, 0% used [0x00000000f5980000,0x00000000f5980000,0x00000000f7a00000)
 ParOldGen       total 127488K, used 116667K [0x00000000a0000000, 0x00000000a7c80000, 0x00000000e0000000)
  object space 127488K, 91% used [0x00000000a0000000,0x00000000a71eee28,0x00000000a7c80000)
 Metaspace       used 70610K, capacity 77110K, committed 77184K, reserved 1116160K
  class space    used 9451K, capacity 11118K, committed 11136K, reserved 1048576K
}
Event: 48.373 GC heap before
{Heap before GC invocations=22 (full 4):
 PSYoungGen      total 388608K, used 17024K [0x00000000e0000000, 0x00000000fa580000, 0x0000000100000000)
  eden space 353792K, 0% used [0x00000000e0000000,0x00000000e0000000,0x00000000f5980000)
  from space 34816K, 48% used [0x00000000f7a00000,0x00000000f8aa0000,0x00000000f9c00000)
  to   space 33280K, 0% used [0x00000000f5980000,0x00000000f5980000,0x00000000f7a00000)
 ParOldGen       total 127488K, used 116667K [0x00000000a0000000, 0x00000000a7c80000, 0x00000000e0000000)
  object space 127488K, 91% used [0x00000000a0000000,0x00000000a71eee28,0x00000000a7c80000)
 Metaspace       used 70610K, capacity 77110K, committed 77184K, reserved 1116160K
  class space    used 9451K, capacity 11118K, committed 11136K, reserved 1048576K
Event: 50.640 GC heap after
Heap after GC invocations=22 (full 4):
 PSYoungGen      total 388608K, used 544K [0x00000000e0000000, 0x00000000fa580000, 0x0000000100000000)
  eden space 353792K, 0% used [0x00000000e0000000,0x00000000e0000000,0x00000000f5980000)
  from space 34816K, 1% used [0x00000000f7a00000,0x00000000f7a88160,0x00000000f9c00000)
  to   space 33280K, 0% used [0x00000000f5980000,0x00000000f5980000,0x00000000f7a00000)
 ParOldGen       total 262656K, used 127032K [0x00000000a0000000, 0x00000000b0080000, 0x00000000e0000000)
  object space 262656K, 48% used [0x00000000a0000000,0x00000000a7c0e340,0x00000000b0080000)
 Metaspace       used 70591K, capacity 77056K, committed 77184K, reserved 1116160K
  class space    used 9445K, capacity 11107K, committed 11136K, reserved 1048576K
}

Deoptimization events (10 events):
Event: 42.829 Thread 0x00000000177ad000 Uncommon trap: reason=unstable_if action=reinterpret pc=0x00000000047ee6f8 method=org.gradle.internal.serialize.kryo.StringDeduplicatingKryoBackedEncoder$IndexedStringSet$MultiListStringSet.register(Ljava/lang/String;)Lorg/gradle/internal/serialize/kryo/S
Event: 43.225 Thread 0x00000000177ad000 Uncommon trap: reason=unstable_if action=reinterpret pc=0x0000000003a53960 method=com.sun.org.apache.xerces.internal.impl.XMLEntityScanner.scanQName(Lcom/sun/org/apache/xerces/internal/xni/QName;Lcom/sun/org/apache/xerces/internal/impl/XMLScanner$NameType
Event: 43.234 Thread 0x00000000177ad000 Uncommon trap: reason=bimorphic action=maybe_recompile pc=0x0000000004ba5cb8 method=org.gradle.util.CollectionUtils.collect(Ljava/lang/Iterable;Ljava/util/Collection;Lorg/gradle/api/Transformer;)Ljava/util/Collection; @ 33
Event: 43.270 Thread 0x00000000177ad000 Uncommon trap: reason=bimorphic action=maybe_recompile pc=0x0000000004ba5cb8 method=org.gradle.util.CollectionUtils.collect(Ljava/lang/Iterable;Ljava/util/Collection;Lorg/gradle/api/Transformer;)Ljava/util/Collection; @ 33
Event: 43.565 Thread 0x00000000177ad000 Uncommon trap: reason=unstable_if action=reinterpret pc=0x00000000034e3ad8 method=com.google.common.cache.LocalCache$Segment.expireEntries(J)V @ 84
Event: 45.025 Thread 0x000000001c427000 Uncommon trap: reason=unstable_if action=reinterpret pc=0x000000000364f8d4 method=java.util.concurrent.locks.ReentrantLock$Sync.nonfairTryAcquire(I)Z @ 19
Event: 47.286 Thread 0x00000000177ad000 Uncommon trap: reason=unstable_if action=reinterpret pc=0x0000000004e313bc method=com.google.common.cache.LocalCache.isExpired(Lcom/google/common/cache/ReferenceEntry;J)Z @ 25
Event: 51.075 Thread 0x00000000177ad000 Uncommon trap: reason=class_check action=maybe_recompile pc=0x0000000004cd6db8 method=org.gradle.api.internal.artifacts.dsl.LazyPublishArtifact.getDelegate()Lorg/gradle/api/artifacts/PublishArtifact; @ 25
Event: 51.077 Thread 0x00000000177ad000 Uncommon trap: reason=class_check action=maybe_recompile pc=0x0000000004cd6db8 method=org.gradle.api.internal.artifacts.dsl.LazyPublishArtifact.getDelegate()Lorg/gradle/api/artifacts/PublishArtifact; @ 25
Event: 51.306 Thread 0x00000000177ad000 Uncommon trap: reason=unstable_if action=reinterpret pc=0x00000000034f33e4 method=com.sun.org.apache.xerces.internal.impl.XMLDocumentFragmentScannerImpl.refresh(I)V @ 4

Classes redefined (0 events):
No events

Internal exceptions (10 events):
Event: 34.393 Thread 0x000000001c420000 Implicit null exception at 0x000000000326ee88 to 0x000000000326f16c
Event: 37.374 Thread 0x00000000177ad000 Exception <a 'java/lang/NoSuchMethodError': java.lang.Object.lambda$negate$1(Ljava/lang/Object;)Z> (0x00000000e5658d10) thrown at [D:\src\AOSP-openjdk-cygwin\jdk8u\hotspot\src\share\vm\interpreter\linkResolver.cpp, line 620]
Event: 37.711 Thread 0x00000000177ad000 Exception <a 'java/lang/IncompatibleClassChangeError': Found class java.lang.Object, but interface was expected> (0x00000000e5c80078) thrown at [D:\src\AOSP-openjdk-cygwin\jdk8u\hotspot\src\share\vm\interpreter\linkResolver.cpp, line 653]
Event: 37.784 Thread 0x00000000177ad000 Exception <a 'java/lang/NoSuchMethodError': java.lang.Object.lambda$of$a04ddf17$1(Ljava/lang/Object;)Ljava/lang/Object;> (0x00000000e5d9c800) thrown at [D:\src\AOSP-openjdk-cygwin\jdk8u\hotspot\src\share\vm\interpreter\linkResolver.cpp, line 620]
Event: 38.536 Thread 0x00000000177ad000 Exception <a 'java/lang/ClassNotFoundException': org/gradle/api/internal/artifacts/ivyservice/dependencysubstitution/DefaultDependencyResolveDetailsBeanInfo> (0x00000000e8061488) thrown at [D:\src\AOSP-openjdk-cygwin\jdk8u\hotspot\src\share\vm\classfile\s
Event: 38.537 Thread 0x00000000177ad000 Exception <a 'java/lang/ClassNotFoundException': org/gradle/api/internal/artifacts/ivyservice/dependencysubstitution/DefaultDependencyResolveDetailsCustomizer> (0x00000000e80a5678) thrown at [D:\src\AOSP-openjdk-cygwin\jdk8u\hotspot\src\share\vm\classfile
Event: 38.543 Thread 0x00000000177ad000 Exception <a 'java/lang/ClassNotFoundException': org/gradle/api/internal/artifacts/DefaultModuleVersionSelectorBeanInfo> (0x00000000e8105ba8) thrown at [D:\src\AOSP-openjdk-cygwin\jdk8u\hotspot\src\share\vm\classfile\systemDictionary.cpp, line 210]
Event: 38.543 Thread 0x00000000177ad000 Exception <a 'java/lang/ClassNotFoundException': org/gradle/api/internal/artifacts/DefaultModuleVersionSelectorCustomizer> (0x00000000e8137a20) thrown at [D:\src\AOSP-openjdk-cygwin\jdk8u\hotspot\src\share\vm\classfile\systemDictionary.cpp, line 210]
Event: 38.545 Thread 0x00000000177ad000 Implicit null exception at 0x0000000003c70577 to 0x0000000003c71909
Event: 41.875 Thread 0x00000000177ad000 Implicit null exception at 0x0000000004cf1056 to 0x0000000004cf1df2

Events (10 events):
Event: 51.067 loading class org/gradle/api/internal/artifacts/DefaultPublishArtifactSet$1 done
Event: 51.075 Thread 0x00000000177ad000 Uncommon trap: trap_request=0xffffffde fr.pc=0x0000000004cd6db8
Event: 51.075 Thread 0x00000000177ad000 DEOPT PACKING pc=0x0000000004cd6db8 sp=0x000000001a2f97f0
Event: 51.076 Thread 0x00000000177ad000 DEOPT UNPACKING pc=0x00000000028f557b sp=0x000000001a2f9620 mode 2
Event: 51.077 Thread 0x00000000177ad000 Uncommon trap: trap_request=0xffffffde fr.pc=0x0000000004cd6db8
Event: 51.077 Thread 0x00000000177ad000 DEOPT PACKING pc=0x0000000004cd6db8 sp=0x000000001a2f97f0
Event: 51.077 Thread 0x00000000177ad000 DEOPT UNPACKING pc=0x00000000028f557b sp=0x000000001a2f9620 mode 2
Event: 51.306 Thread 0x00000000177ad000 Uncommon trap: trap_request=0xffffff65 fr.pc=0x00000000034f33e4
Event: 51.306 Thread 0x00000000177ad000 DEOPT PACKING pc=0x00000000034f33e4 sp=0x000000001a2fa4c0
Event: 51.306 Thread 0x00000000177ad000 DEOPT UNPACKING pc=0x00000000028f557b sp=0x000000001a2fa2f0 mode 2


Dynamic libraries:
0x00007ff70d090000 - 0x00007ff70d0c1000 	J:\AndroidStudio\jre\bin\java.exe
0x00007ffccf6e0000 - 0x00007ffccf8cd000 	C:\WINDOWS\SYSTEM32\ntdll.dll
0x00007ffccd0d0000 - 0x00007ffccd183000 	C:\WINDOWS\System32\KERNEL32.DLL
0x00007ffccc480000 - 0x00007ffccc713000 	C:\WINDOWS\System32\KERNELBASE.dll
0x00007ffcccf80000 - 0x00007ffccd023000 	C:\WINDOWS\System32\ADVAPI32.dll
0x00007ffccca00000 - 0x00007ffccca9e000 	C:\WINDOWS\System32\msvcrt.dll
0x00007ffccd030000 - 0x00007ffccd0ce000 	C:\WINDOWS\System32\sechost.dll
0x00007ffccd2c0000 - 0x00007ffccd3e2000 	C:\WINDOWS\System32\RPCRT4.dll
0x00007ffcccaa0000 - 0x00007ffcccc37000 	C:\WINDOWS\System32\USER32.dll
0x00007ffccc350000 - 0x00007ffccc370000 	C:\WINDOWS\System32\win32u.dll
0x00007ffccc9d0000 - 0x00007ffccc9f9000 	C:\WINDOWS\System32\GDI32.dll
0x00007ffccc1b0000 - 0x00007ffccc349000 	C:\WINDOWS\System32\gdi32full.dll
0x00007ffccb7f0000 - 0x00007ffccb890000 	C:\WINDOWS\System32\msvcp_win.dll
0x00007ffccc0b0000 - 0x00007ffccc1aa000 	C:\WINDOWS\System32\ucrtbase.dll
0x00007ffcbc370000 - 0x00007ffcbc5e9000 	C:\WINDOWS\WinSxS\amd64_microsoft.windows.common-controls_6595b64144ccf1df_6.0.17763.1039_none_de701650534c7021\COMCTL32.dll
0x00007ffccf380000 - 0x00007ffccf6ac000 	C:\WINDOWS\System32\combase.dll
0x00007ffccb890000 - 0x00007ffccb90e000 	C:\WINDOWS\System32\bcryptPrimitives.dll
0x00007ffcccd70000 - 0x00007ffcccd9e000 	C:\WINDOWS\System32\IMM32.DLL
0x000000005a0d0000 - 0x000000005a1a2000 	J:\AndroidStudio\jre\jre\bin\msvcr100.dll
0x000000005a1c0000 - 0x000000005aa06000 	J:\AndroidStudio\jre\jre\bin\server\jvm.dll
0x00007ffccf2c0000 - 0x00007ffccf2c8000 	C:\WINDOWS\System32\PSAPI.DLL
0x00007ffcc8430000 - 0x00007ffcc8439000 	C:\WINDOWS\SYSTEM32\WSOCK32.dll
0x00007ffccd4e0000 - 0x00007ffccd54d000 	C:\WINDOWS\System32\WS2_32.dll
0x00007ffcc8480000 - 0x00007ffcc84a4000 	C:\WINDOWS\SYSTEM32\WINMM.dll
0x00007ffcc70c0000 - 0x00007ffcc70ca000 	C:\WINDOWS\SYSTEM32\VERSION.dll
0x00007ffcc8450000 - 0x00007ffcc847d000 	C:\WINDOWS\SYSTEM32\WINMMBASE.dll
0x00007ffccc060000 - 0x00007ffccc0aa000 	C:\WINDOWS\System32\cfgmgr32.dll
0x00007ffcb9510000 - 0x00007ffcb951f000 	J:\AndroidStudio\jre\jre\bin\verify.dll
0x00007ffc98670000 - 0x00007ffc98699000 	J:\AndroidStudio\jre\jre\bin\java.dll
0x00007ffcac520000 - 0x00007ffcac536000 	J:\AndroidStudio\jre\jre\bin\zip.dll
0x00007ffccd760000 - 0x00007ffccec54000 	C:\WINDOWS\System32\SHELL32.dll
0x00007ffccf2d0000 - 0x00007ffccf378000 	C:\WINDOWS\System32\shcore.dll
0x00007ffccb910000 - 0x00007ffccc05d000 	C:\WINDOWS\System32\windows.storage.dll
0x00007ffccb770000 - 0x00007ffccb794000 	C:\WINDOWS\System32\profapi.dll
0x00007ffccb6f0000 - 0x00007ffccb74d000 	C:\WINDOWS\System32\powrprof.dll
0x00007ffccc960000 - 0x00007ffccc9b2000 	C:\WINDOWS\System32\shlwapi.dll
0x00007ffccb6d0000 - 0x00007ffccb6e1000 	C:\WINDOWS\System32\kernel.appcore.dll
0x00007ffccb7a0000 - 0x00007ffccb7b7000 	C:\WINDOWS\System32\cryptsp.dll
0x00007ffcb7980000 - 0x00007ffcb799a000 	J:\AndroidStudio\jre\jre\bin\net.dll
0x00007ffccaee0000 - 0x00007ffccaf47000 	C:\WINDOWS\system32\mswsock.dll
0x00007ffca8010000 - 0x00007ffca8021000 	J:\AndroidStudio\jre\jre\bin\nio.dll
0x00007ffcbc110000 - 0x00007ffcbc12e000 	C:\Users\xpx\.gradle\native\25\windows-amd64\native-platform.dll
0x00007ffcb7950000 - 0x00007ffcb795d000 	J:\AndroidStudio\jre\jre\bin\management.dll
0x00007ffccaa60000 - 0x00007ffccaa93000 	C:\WINDOWS\system32\rsaenh.dll
0x00007ffccb7c0000 - 0x00007ffccb7e6000 	C:\WINDOWS\System32\bcrypt.dll
0x00007ffccb600000 - 0x00007ffccb628000 	C:\WINDOWS\SYSTEM32\USERENV.dll
0x00007ffccb0b0000 - 0x00007ffccb0bc000 	C:\WINDOWS\SYSTEM32\CRYPTBASE.dll
0x00007ffccac00000 - 0x00007ffccac3d000 	C:\WINDOWS\SYSTEM32\IPHLPAPI.DLL
0x00007ffccedd0000 - 0x00007ffccedd8000 	C:\WINDOWS\System32\NSI.dll
0x00007ffcc6420000 - 0x00007ffcc6436000 	C:\WINDOWS\SYSTEM32\dhcpcsvc6.DLL
0x00007ffcc4da0000 - 0x00007ffcc4dbc000 	C:\WINDOWS\SYSTEM32\dhcpcsvc.DLL
0x00007ffccac40000 - 0x00007ffccad06000 	C:\WINDOWS\SYSTEM32\DNSAPI.dll

VM Arguments:
jvm_args: -Xmx1536m -Dfile.encoding=GBK -Duser.country=CN -Duser.language=zh -Duser.variant 
java_command: org.gradle.launcher.daemon.bootstrap.GradleDaemon 5.1.1
java_class_path (initial): C:\Users\xpx\.gradle\wrapper\dists\gradle-5.1.1-all\97z1ksx6lirer3kbvdnh7jtjg\gradle-5.1.1\lib\gradle-launcher-5.1.1.jar
Launcher Type: SUN_STANDARD

Environment Variables:
JAVA_HOME=C:\Program Files\Java\jdk1.8.0_91
PATH=C:\ProgramData\Oracle\Java\javapath;C:\WINDOWS\system32;C:\WINDOWS;C:\WINDOWS\System32\Wbem;C:\WINDOWS\System32\WindowsPowerShell\v1.0\;C:\Program Files\TortoiseSVN\bin;C:\Program Files\Java\jdk1.8.0_91\bin;C:\Program Files\Java\jdk1.8.0_91\jre\bin;F:\apache-maven-3.5.0\bin;G:\sdk\platform-tools;C:\Users\xpx\.gradle\wrapper\dists\gradle-3.3-all\55gk2rcmfc6p2dg9u9ohc3hw9\gradle-3.3\bin;C:\WINDOWS\System32\OpenSSH\;C:\Program Files\IDM Computer Solutions\UltraEdit;H:\Git\cmd;C:\Users\xpx\AppData\Local\Microsoft\WindowsApps;;J:\DevEco Studio\bin;
USERNAME=xpx
OS=Windows_NT
PROCESSOR_IDENTIFIER=Intel64 Family 6 Model 94 Stepping 3, GenuineIntel



---------------  S Y S T E M  ---------------

OS: Windows 10.0 , 64 bit Build 17763 (10.0.17763.475)

CPU:total 4 (initial active 4) (4 cores per cpu, 1 threads per core) family 6 model 94 stepping 3, cmov, cx8, fxsr, mmx, sse, sse2, sse3, ssse3, sse4.1, sse4.2, popcnt, avx, avx2, aes, clmul, erms, rtm, 3dnowpref, lzcnt, tsc, tscinvbit, bmi1, bmi2, adx

Memory: 4k page, physical 8266340k(394360k free), swap 18332640k(660k free)

vm_info: OpenJDK 64-Bit Server VM (25.202-b03) for windows-amd64 JRE (1.8.0_202-release-1483-b03), built by "builder" with MS VC++ 10.0 (VS2010)

time: Mon Mar 02 17:16:47 2020
timezone: 中国标准时间
elapsed time: 51 seconds (0d 0h 0m 51s)

