#
# A fatal error has been detected by the Java Runtime Environment:
#
#  EXCEPTION_ACCESS_VIOLATION (0xc0000005) at pc=0x00000000635e6ec3, pid=17084, tid=21944
#
# JRE version: Java(TM) SE Runtime Environment (8.0_91-b14) (build 1.8.0_91-b14)
# Java VM: Java HotSpot(TM) 64-Bit Server VM (25.91-b14 mixed mode windows-amd64 compressed oops)
# Problematic frame:
# V  [jvm.dll+0x76ec3]
#
# Failed to write core dump. Minidumps are not enabled by default on client versions of Windows
#
# If you would like to submit a bug report, please visit:
#   http://bugreport.java.com/bugreport/crash.jsp
#

---------------  T H R E A D  ---------------

Current thread (0x0000000016b18000):  VMThread [stack: 0x0000000017bb0000,0x0000000017cb0000] [id=21944]

siginfo: ExceptionCode=0xc0000005, reading address 0x0000000400000011

Registers:
RAX=0x0000000063bbcec8, RBX=0x0000000400000001, RCX=0x00000000169b0080, RDX=0x00000000a449a740
RSP=0x0000000017caf2c0, RBP=0x0000000017caf3b8, RSI=0x0000000017caf3d8, RDI=0x00000000169db000
R8 =0x00000000e0000000, R9 =0x000000000000ea6d, R10=0x00000000546c6148, R11=0x0000000017caf318
R12=0x0000000000000004, R13=0x000000000002af80, R14=0x0000000017caf3f8, R15=0x0000000063d3be48
RIP=0x00000000635e6ec3, EFLAGS=0x0000000000010202

Top of Stack: (sp=0x0000000017caf2c0)
0x0000000017caf2c0:   0000000002c01ef0 0000000063804538
0x0000000017caf2d0:   0000000017caf4f8 00000000635954cf
0x0000000017caf2e0:   000000000002af80 000000000000947d
0x0000000017caf2f0:   00000000032dde90 0000000000000000
0x0000000017caf300:   0000000063d3bce0 0000000000000004
0x0000000017caf310:   0000000063bbcf10 00000000635e7dc0
0x0000000017caf320:   0000000063d3be48 0000000016b156c0
0x0000000017caf330:   0000000017caf460 0000000002c01ef0
0x0000000017caf340:   0000000017caf3b8 0000000017caf3f8
0x0000000017caf350:   0000000002c01ef0 000000006396eb45
0x0000000017caf360:   0000000016b156c0 0000000063bbcf10
0x0000000017caf370:   0000000063bbcf10 0000000016a25520
0x0000000017caf380:   0000000063d3bce0 0000000000000015
0x0000000017caf390:   0000000063d3bce0 0000000000000015
0x0000000017caf3a0:   0000000000000001 00000000ffffff01
0x0000000017caf3b0:   0000000000000001 000000000000254f 

Instructions: (pc=0x00000000635e6ec3)
0x00000000635e6ea3:   0e 48 85 db 74 78 4c 8b 7c 24 60 4c 8b b4 24 88
0x00000000635e6eb3:   00 00 00 66 66 0f 1f 84 00 00 00 00 00 49 8b 07
0x00000000635e6ec3:   48 8b 53 10 49 8b cf ff 10 84 c0 74 18 48 85 f6
0x00000000635e6ed3:   74 0d 48 8b 06 48 8d 53 10 48 8b ce ff 50 08 48 


Register to memory mapping:

RAX=0x0000000063bbcec8 is an unknown value
RBX=0x0000000400000001 is an unknown value
RCX=0x00000000169b0080 is an unknown value
RDX=0x00000000a449a740 is an oop
java.lang.String 
 - klass: 'java/lang/String'
RSP=0x0000000017caf2c0 is an unknown value
RBP=0x0000000017caf3b8 is an unknown value
RSI=0x0000000017caf3d8 is an unknown value
RDI=0x00000000169db000 is an unknown value
R8 =0x00000000e0000000 is an oop
java.util.ArrayList 
 - klass: 'java/util/ArrayList'
R9 =0x000000000000ea6d is an unknown value
R10=0x00000000546c6148 is an unknown value
R11=0x0000000017caf318 is an unknown value
R12=0x0000000000000004 is an unknown value
R13=0x000000000002af80 is an unknown value
R14=0x0000000017caf3f8 is an unknown value
R15=0x0000000063d3be48 is an unknown value


Stack: [0x0000000017bb0000,0x0000000017cb0000],  sp=0x0000000017caf2c0,  free space=1020k
Native frames: (J=compiled Java code, j=interpreted, Vv=VM code, C=native code)
V  [jvm.dll+0x76ec3]
V  [jvm.dll+0x77dc0]
V  [jvm.dll+0x3feb45]
V  [jvm.dll+0x3ff270]
V  [jvm.dll+0x3eef44]
V  [jvm.dll+0x401606]
V  [jvm.dll+0x24a0e7]
V  [jvm.dll+0x249386]
V  [jvm.dll+0x249821]
V  [jvm.dll+0x249a3e]
V  [jvm.dll+0x29a99a]
C  [msvcr100.dll+0x21d9f]
C  [msvcr100.dll+0x21e3b]
C  [KERNEL32.DLL+0x17974]
C  [ntdll.dll+0x6a271]

VM_Operation (0x0000000024c29c40): ParallelGCFailedAllocation, mode: safepoint, requested by thread 0x000000001e024000


---------------  P R O C E S S  ---------------

Java Threads: ( => current thread )
  0x000000001f9a2800 JavaThread "Cache worker for Build Output Cleanup Cache (F:\workspace\work\xpxproject\.gradle\buildOutputCleanup)" [_thread_blocked, id=19996, stack(0x0000000026760000,0x0000000026860000)]
  0x000000001f9a8800 JavaThread "pool-30-thread-1" [_thread_blocked, id=22320, stack(0x0000000026660000,0x0000000026760000)]
  0x000000001f99b000 JavaThread "Build operations Thread 4" [_thread_blocked, id=22012, stack(0x0000000026560000,0x0000000026660000)]
  0x000000001f9a2000 JavaThread "Build operations Thread 3" [_thread_blocked, id=9644, stack(0x0000000026460000,0x0000000026560000)]
  0x000000001f9a1000 JavaThread "Build operations Thread 2" [_thread_blocked, id=17072, stack(0x0000000026360000,0x0000000026460000)]
  0x000000001f99e000 JavaThread "Build operations" [_thread_blocked, id=22208, stack(0x0000000026260000,0x0000000026360000)]
  0x000000001e027000 JavaThread "Cache worker for cache directory md-rule (C:\Users\xpx\.gradle\wrapper\dists\gradle-5.1.1-all\caches\5.1.1\md-rule)" [_thread_blocked, id=21268, stack(0x0000000026160000,0x0000000026260000)]
  0x000000001e026000 JavaThread "Cache worker for cache directory md-supplier (C:\Users\xpx\.gradle\wrapper\dists\gradle-5.1.1-all\caches\5.1.1\md-supplier)" [_thread_blocked, id=20144, stack(0x0000000026060000,0x0000000026160000)]
  0x000000001e025800 JavaThread "Cache worker for file hash cache (F:\workspace\work\xpxproject\.gradle\5.1.1\fileHashes)" [_thread_blocked, id=16008, stack(0x0000000025f60000,0x0000000026060000)]
  0x000000001e023000 JavaThread "Thread-29" [_thread_blocked, id=22352, stack(0x0000000025e60000,0x0000000025f60000)]
  0x000000001e022800 JavaThread "Stdin handler" [_thread_blocked, id=22232, stack(0x0000000025d60000,0x0000000025e60000)]
  0x000000001e024800 JavaThread "Asynchronous log dispatcher for DefaultDaemonConnection: socket connection from /127.0.0.1:56099 to /127.0.0.1:56140" [_thread_blocked, id=19304, stack(0x0000000025c60000,0x0000000025d60000)]
  0x000000001e024000 JavaThread "Daemon worker Thread 2" [_thread_blocked, id=15608, stack(0x0000000024b30000,0x0000000024c30000)]
  0x000000001e020000 JavaThread "Cancel handler" [_thread_blocked, id=22132, stack(0x0000000024a30000,0x0000000024b30000)]
  0x000000001e01b000 JavaThread "Handler for socket connection from /127.0.0.1:56099 to /127.0.0.1:56140" [_thread_in_native, id=22100, stack(0x0000000024930000,0x0000000024a30000)]
  0x000000001e021000 JavaThread "Daemon Thread 2" [_thread_blocked, id=22464, stack(0x0000000024830000,0x0000000024930000)]
  0x000000001e01c800 JavaThread "Memory manager" [_thread_blocked, id=18392, stack(0x0000000022ee0000,0x0000000022fe0000)]
  0x0000000019cc4800 JavaThread "Cache worker for execution history cache (C:\Users\xpx\.gradle\wrapper\dists\gradle-5.1.1-all\caches\5.1.1\executionHistory)" [_thread_blocked, id=20340, stack(0x0000000020460000,0x0000000020560000)]
  0x0000000019cbf000 JavaThread "Cache worker for journal cache (C:\Users\xpx\.gradle\wrapper\dists\gradle-5.1.1-all\caches\journal-1)" [_thread_blocked, id=22156, stack(0x000000001b180000,0x000000001b280000)]
  0x0000000019cc3000 JavaThread "File lock request listener" [_thread_in_native, id=19928, stack(0x000000001b080000,0x000000001b180000)]
  0x0000000019cbe800 JavaThread "Cache worker for file hash cache (C:\Users\xpx\.gradle\wrapper\dists\gradle-5.1.1-all\caches\5.1.1\fileHashes)" [_thread_blocked, id=6828, stack(0x000000001af80000,0x000000001b080000)]
  0x0000000019a20000 JavaThread "Daemon periodic checks" [_thread_blocked, id=22084, stack(0x000000001a580000,0x000000001a680000)]
  0x0000000019a13000 JavaThread "Incoming local TCP Connector on port 56099" [_thread_in_native, id=940, stack(0x000000001a480000,0x000000001a580000)]
  0x00000000198f7000 JavaThread "Daemon health stats" [_thread_blocked, id=1168, stack(0x000000001a180000,0x000000001a280000)]
  0x0000000017f0f000 JavaThread "Service Thread" daemon [_thread_blocked, id=14844, stack(0x00000000187b0000,0x00000000188b0000)]
  0x0000000017f09800 JavaThread "C1 CompilerThread2" daemon [_thread_blocked, id=21612, stack(0x00000000186b0000,0x00000000187b0000)]
  0x0000000017f03800 JavaThread "C2 CompilerThread1" daemon [_thread_blocked, id=1832, stack(0x00000000185b0000,0x00000000186b0000)]
  0x0000000016b5d000 JavaThread "C2 CompilerThread0" daemon [_thread_blocked, id=13752, stack(0x00000000184b0000,0x00000000185b0000)]
  0x0000000016ba9800 JavaThread "Attach Listener" daemon [_thread_blocked, id=14748, stack(0x00000000183b0000,0x00000000184b0000)]
  0x0000000016b46800 JavaThread "Signal Dispatcher" daemon [_thread_blocked, id=22008, stack(0x00000000182b0000,0x00000000183b0000)]
  0x0000000002cfa000 JavaThread "Finalizer" daemon [_thread_blocked, id=15772, stack(0x0000000017db0000,0x0000000017eb0000)]
  0x0000000002cef000 JavaThread "Reference Handler" daemon [_thread_blocked, id=3540, stack(0x0000000017cb0000,0x0000000017db0000)]
  0x0000000002c01000 JavaThread "main" [_thread_blocked, id=6288, stack(0x0000000001310000,0x0000000001410000)]

Other Threads:
=>0x0000000016b18000 VMThread [stack: 0x0000000017bb0000,0x0000000017cb0000] [id=21944]
  0x0000000017f57800 WatcherThread [stack: 0x00000000188b0000,0x00000000189b0000] [id=21948]

VM state:at safepoint (normal execution)

VM Mutex/Monitor currently owned by a thread:  ([mutex/lock_event])
[0x00000000032dbf80] Threads_lock - owner thread: 0x0000000016b18000
[0x00000000032dc700] Heap_lock - owner thread: 0x000000001e024000

Heap:
 PSYoungGen      total 331776K, used 299008K [0x00000000e0000000, 0x00000000f8d80000, 0x0000000100000000)
  eden space 299008K, 100% used [0x00000000e0000000,0x00000000f2400000,0x00000000f2400000)
  from space 32768K, 0% used [0x00000000f2400000,0x00000000f2400000,0x00000000f4400000)
  to   space 31232K, 56% used [0x00000000f6f00000,0x00000000f8028c50,0x00000000f8d80000)
 ParOldGen       total 246784K, used 109400K [0x00000000a0000000, 0x00000000af100000, 0x00000000e0000000)
  object space 246784K, 44% used [0x00000000a0000000,0x00000000a6ad62b8,0x00000000af100000)
 Metaspace       used 71597K, capacity 77034K, committed 77184K, reserved 1116160K
  class space    used 9560K, capacity 11061K, committed 11136K, reserved 1048576K

Card table byte_map: [0x00000000126a0000,0x00000000129b0000] byte_map_base: 0x00000000121a0000

Marking Bits: (ParMarkBitMap*) 0x0000000063d82f70
 Begin Bits: [0x0000000012eb0000, 0x00000000146b0000)
 End Bits:   [0x00000000146b0000, 0x0000000015eb0000)

Polling page: 0x0000000001410000

CodeCache: size=245760Kb used=38685Kb max_used=38730Kb free=207074Kb
 bounds [0x00000000032e0000, 0x0000000005980000, 0x00000000122e0000]
 total_blobs=12242 nmethods=11442 adapters=711
 compilation: enabled

Compilation events (10 events):
Event: 243.515 Thread 0x0000000016b5d000 nmethod 13742 0x0000000004f0a3d0 code [0x0000000004f0a580, 0x0000000004f0b218]
Event: 243.522 Thread 0x0000000017f09800 13750       3       com.sun.org.apache.xerces.internal.utils.XMLSecurityManager::setSecureProcessing (75 bytes)
Event: 243.523 Thread 0x0000000017f09800 nmethod 13750 0x0000000004fea190 code [0x0000000004fea340, 0x0000000004feaba8]
Event: 243.559 Thread 0x0000000017f09800 13751       3       com.sun.xml.bind.DatatypeConverterImpl::_parseBoolean (267 bytes)
Event: 243.560 Thread 0x0000000017f03800 13752       4       java.util.regex.Pattern$Curly::study (153 bytes)
Event: 243.561 Thread 0x0000000017f09800 nmethod 13751 0x000000000528fb50 code [0x000000000528fe00, 0x0000000005291138]
Event: 243.561 Thread 0x0000000017f03800 nmethod 13752 0x000000000474cdd0 code [0x000000000474cf20, 0x000000000474d0d8]
Event: 243.576 Thread 0x0000000016b5d000 13753       4       sun.nio.ch.Util$BufferCache::get (143 bytes)
Event: 243.579 Thread 0x0000000016b5d000 nmethod 13753 0x0000000004f09dd0 code [0x0000000004f09f20, 0x0000000004f0a198]
Event: 243.588 Thread 0x0000000017f03800 13754       4       com.sun.org.apache.xerces.internal.impl.XMLDocumentScannerImpl::setFeature (75 bytes)

GC Heap History (10 events):
Event: 16.988 GC heap after
Heap after GC invocations=17 (full 3):
 PSYoungGen      total 262144K, used 13792K [0x00000000e0000000, 0x00000000f2080000, 0x0000000100000000)
  eden space 248320K, 0% used [0x00000000e0000000,0x00000000e0000000,0x00000000ef280000)
  from space 13824K, 99% used [0x00000000f1080000,0x00000000f1df8030,0x00000000f1e00000)
  to   space 23552K, 0% used [0x00000000ef280000,0x00000000ef280000,0x00000000f0980000)
 ParOldGen       total 123904K, used 56448K [0x00000000a0000000, 0x00000000a7900000, 0x00000000e0000000)
  object space 123904K, 45% used [0x00000000a0000000,0x00000000a3720358,0x00000000a7900000)
 Metaspace       used 63425K, capacity 68258K, committed 68480K, reserved 1107968K
  class space    used 8821K, capacity 10251K, committed 10368K, reserved 1048576K
}
Event: 21.109 GC heap before
{Heap before GC invocations=18 (full 3):
 PSYoungGen      total 262144K, used 262112K [0x00000000e0000000, 0x00000000f2080000, 0x0000000100000000)
  eden space 248320K, 100% used [0x00000000e0000000,0x00000000ef280000,0x00000000ef280000)
  from space 13824K, 99% used [0x00000000f1080000,0x00000000f1df8030,0x00000000f1e00000)
  to   space 23552K, 0% used [0x00000000ef280000,0x00000000ef280000,0x00000000f0980000)
 ParOldGen       total 123904K, used 56448K [0x00000000a0000000, 0x00000000a7900000, 0x00000000e0000000)
  object space 123904K, 45% used [0x00000000a0000000,0x00000000a3720358,0x00000000a7900000)
 Metaspace       used 67419K, capacity 72692K, committed 73088K, reserved 1112064K
  class space    used 9281K, capacity 10771K, committed 10880K, reserved 1048576K
Event: 21.156 GC heap after
Heap after GC invocations=18 (full 3):
 PSYoungGen      total 271872K, used 21941K [0x00000000e0000000, 0x00000000f5d80000, 0x0000000100000000)
  eden space 248320K, 0% used [0x00000000e0000000,0x00000000e0000000,0x00000000ef280000)
  from space 23552K, 93% used [0x00000000ef280000,0x00000000f07ed6e8,0x00000000f0980000)
  to   space 26112K, 0% used [0x00000000f4400000,0x00000000f4400000,0x00000000f5d80000)
 ParOldGen       total 123904K, used 70054K [0x00000000a0000000, 0x00000000a7900000, 0x00000000e0000000)
  object space 123904K, 56% used [0x00000000a0000000,0x00000000a4469880,0x00000000a7900000)
 Metaspace       used 67419K, capacity 72692K, committed 73088K, reserved 1112064K
  class space    used 9281K, capacity 10771K, committed 10880K, reserved 1048576K
}
Event: 24.968 GC heap before
{Heap before GC invocations=19 (full 3):
 PSYoungGen      total 271872K, used 270261K [0x00000000e0000000, 0x00000000f5d80000, 0x0000000100000000)
  eden space 248320K, 100% used [0x00000000e0000000,0x00000000ef280000,0x00000000ef280000)
  from space 23552K, 93% used [0x00000000ef280000,0x00000000f07ed6e8,0x00000000f0980000)
  to   space 26112K, 0% used [0x00000000f4400000,0x00000000f4400000,0x00000000f5d80000)
 ParOldGen       total 123904K, used 70054K [0x00000000a0000000, 0x00000000a7900000, 0x00000000e0000000)
  object space 123904K, 56% used [0x00000000a0000000,0x00000000a4469880,0x00000000a7900000)
 Metaspace       used 67906K, capacity 73176K, committed 73344K, reserved 1112064K
  class space    used 9305K, capacity 10777K, committed 10880K, reserved 1048576K
Event: 25.014 GC heap after
Heap after GC invocations=19 (full 3):
 PSYoungGen      total 325120K, used 26080K [0x00000000e0000000, 0x00000000f6980000, 0x0000000100000000)
  eden space 299008K, 0% used [0x00000000e0000000,0x00000000e0000000,0x00000000f2400000)
  from space 26112K, 99% used [0x00000000f4400000,0x00000000f5d78010,0x00000000f5d80000)
  to   space 32768K, 0% used [0x00000000f2400000,0x00000000f2400000,0x00000000f4400000)
 ParOldGen       total 123904K, used 77829K [0x00000000a0000000, 0x00000000a7900000, 0x00000000e0000000)
  object space 123904K, 62% used [0x00000000a0000000,0x00000000a4c01718,0x00000000a7900000)
 Metaspace       used 67906K, capacity 73176K, committed 73344K, reserved 1112064K
  class space    used 9305K, capacity 10777K, committed 10880K, reserved 1048576K
}
Event: 29.047 GC heap before
{Heap before GC invocations=20 (full 3):
 PSYoungGen      total 325120K, used 325088K [0x00000000e0000000, 0x00000000f6980000, 0x0000000100000000)
  eden space 299008K, 100% used [0x00000000e0000000,0x00000000f2400000,0x00000000f2400000)
  from space 26112K, 99% used [0x00000000f4400000,0x00000000f5d78010,0x00000000f5d80000)
  to   space 32768K, 0% used [0x00000000f2400000,0x00000000f2400000,0x00000000f4400000)
 ParOldGen       total 123904K, used 77829K [0x00000000a0000000, 0x00000000a7900000, 0x00000000e0000000)
  object space 123904K, 62% used [0x00000000a0000000,0x00000000a4c01718,0x00000000a7900000)
 Metaspace       used 68123K, capacity 73454K, committed 73600K, reserved 1112064K
  class space    used 9310K, capacity 10780K, committed 10880K, reserved 1048576K
Event: 29.105 GC heap after
Heap after GC invocations=20 (full 3):
 PSYoungGen      total 331776K, used 15264K [0x00000000e0000000, 0x00000000f8d80000, 0x0000000100000000)
  eden space 299008K, 0% used [0x00000000e0000000,0x00000000e0000000,0x00000000f2400000)
  from space 32768K, 46% used [0x00000000f2400000,0x00000000f32e8000,0x00000000f4400000)
  to   space 31232K, 0% used [0x00000000f6f00000,0x00000000f6f00000,0x00000000f8d80000)
 ParOldGen       total 123904K, used 102997K [0x00000000a0000000, 0x00000000a7900000, 0x00000000e0000000)
  object space 123904K, 83% used [0x00000000a0000000,0x00000000a64957c8,0x00000000a7900000)
 Metaspace       used 68123K, capacity 73454K, committed 73600K, reserved 1112064K
  class space    used 9310K, capacity 10780K, committed 10880K, reserved 1048576K
}
Event: 29.105 GC heap before
{Heap before GC invocations=21 (full 4):
 PSYoungGen      total 331776K, used 15264K [0x00000000e0000000, 0x00000000f8d80000, 0x0000000100000000)
  eden space 299008K, 0% used [0x00000000e0000000,0x00000000e0000000,0x00000000f2400000)
  from space 32768K, 46% used [0x00000000f2400000,0x00000000f32e8000,0x00000000f4400000)
  to   space 31232K, 0% used [0x00000000f6f00000,0x00000000f6f00000,0x00000000f8d80000)
 ParOldGen       total 123904K, used 102997K [0x00000000a0000000, 0x00000000a7900000, 0x00000000e0000000)
  object space 123904K, 83% used [0x00000000a0000000,0x00000000a64957c8,0x00000000a7900000)
 Metaspace       used 68123K, capacity 73454K, committed 73600K, reserved 1112064K
  class space    used 9310K, capacity 10780K, committed 10880K, reserved 1048576K
Event: 29.534 GC heap after
Heap after GC invocations=21 (full 4):
 PSYoungGen      total 331776K, used 0K [0x00000000e0000000, 0x00000000f8d80000, 0x0000000100000000)
  eden space 299008K, 0% used [0x00000000e0000000,0x00000000e0000000,0x00000000f2400000)
  from space 32768K, 0% used [0x00000000f2400000,0x00000000f2400000,0x00000000f4400000)
  to   space 31232K, 0% used [0x00000000f6f00000,0x00000000f6f00000,0x00000000f8d80000)
 ParOldGen       total 246784K, used 109392K [0x00000000a0000000, 0x00000000af100000, 0x00000000e0000000)
  object space 246784K, 44% used [0x00000000a0000000,0x00000000a6ad42b8,0x00000000af100000)
 Metaspace       used 68080K, capacity 73326K, committed 73600K, reserved 1112064K
  class space    used 9298K, capacity 10758K, committed 10880K, reserved 1048576K
}
Event: 243.595 GC heap before
{Heap before GC invocations=22 (full 4):
 PSYoungGen      total 331776K, used 299008K [0x00000000e0000000, 0x00000000f8d80000, 0x0000000100000000)
  eden space 299008K, 100% used [0x00000000e0000000,0x00000000f2400000,0x00000000f2400000)
  from space 32768K, 0% used [0x00000000f2400000,0x00000000f2400000,0x00000000f4400000)
  to   space 31232K, 0% used [0x00000000f6f00000,0x00000000f6f00000,0x00000000f8d80000)
 ParOldGen       total 246784K, used 109392K [0x00000000a0000000, 0x00000000af100000, 0x00000000e0000000)
  object space 246784K, 44% used [0x00000000a0000000,0x00000000a6ad42b8,0x00000000af100000)
 Metaspace       used 71597K, capacity 77034K, committed 77184K, reserved 1116160K
  class space    used 9560K, capacity 11061K, committed 11136K, reserved 1048576K

Deoptimization events (10 events):
Event: 242.622 Thread 0x000000001e024000 Uncommon trap: reason=class_check action=maybe_recompile pc=0x000000000522a0b0 method=com.google.common.collect.CompactHashMap.resizeMeMaybe(I)V @ 35
Event: 242.622 Thread 0x000000001e024000 Uncommon trap: reason=class_check action=maybe_recompile pc=0x000000000522a0b0 method=com.google.common.collect.CompactHashMap.resizeMeMaybe(I)V @ 35
Event: 242.622 Thread 0x000000001e024000 Uncommon trap: reason=class_check action=maybe_recompile pc=0x000000000522a0b0 method=com.google.common.collect.CompactHashMap.resizeMeMaybe(I)V @ 35
Event: 242.622 Thread 0x000000001e024000 Uncommon trap: reason=class_check action=maybe_recompile pc=0x000000000522a0b0 method=com.google.common.collect.CompactHashMap.resizeMeMaybe(I)V @ 35
Event: 242.623 Thread 0x000000001e024000 Uncommon trap: reason=class_check action=maybe_recompile pc=0x000000000543af2c method=java.util.AbstractList.equals(Ljava/lang/Object;)Z @ 17
Event: 242.625 Thread 0x000000001e024000 Uncommon trap: reason=bimorphic action=maybe_recompile pc=0x0000000004e6a600 method=org.gradle.api.internal.DefaultDomainObjectCollection.doAdd(Ljava/lang/Object;Lorg/gradle/api/Action;)Z @ 5
Event: 242.625 Thread 0x000000001e024000 Uncommon trap: reason=bimorphic action=maybe_recompile pc=0x000000000527b27c method=org.gradle.api.internal.DefaultDomainObjectCollection.doAdd(Ljava/lang/Object;Lorg/gradle/api/Action;)Z @ 5
Event: 242.670 Thread 0x000000001e024000 Uncommon trap: reason=class_check action=maybe_recompile pc=0x000000000586ac28 method=com.google.common.collect.ImmutableList.copyOf(Ljava/lang/Iterable;)Lcom/google/common/collect/ImmutableList; @ 23
Event: 242.679 Thread 0x000000001e024000 Uncommon trap: reason=null_check action=make_not_entrant pc=0x0000000004dcebe0 method=org.gradle.api.internal.collections.CollectionFilter.filter(Ljava/lang/Object;)Ljava/lang/Object; @ 5
Event: 243.166 Thread 0x000000001e024800 Uncommon trap: reason=speculate_class_check action=maybe_recompile pc=0x0000000004f893f8 method=java.io.ObjectOutputStream.verifySubclass()V @ 8

Internal exceptions (10 events):
Event: 242.867 Thread 0x000000001e024000 Exception <a 'sun/nio/fs/WindowsException'> (0x00000000e63952d8) thrown at [C:\re\workspace\8-2-build-windows-amd64-cygwin\jdk8u91\6644\hotspot\src\share\vm\prims\jni.cpp, line 709]
Event: 242.867 Thread 0x000000001e024000 Exception <a 'sun/nio/fs/WindowsException'> (0x00000000e63961d8) thrown at [C:\re\workspace\8-2-build-windows-amd64-cygwin\jdk8u91\6644\hotspot\src\share\vm\prims\jni.cpp, line 709]
Event: 242.868 Thread 0x000000001e024000 Exception <a 'sun/nio/fs/WindowsException'> (0x00000000e639a0e8) thrown at [C:\re\workspace\8-2-build-windows-amd64-cygwin\jdk8u91\6644\hotspot\src\share\vm\prims\jni.cpp, line 709]
Event: 242.869 Thread 0x000000001e024000 Exception <a 'sun/nio/fs/WindowsException'> (0x00000000e639ada0) thrown at [C:\re\workspace\8-2-build-windows-amd64-cygwin\jdk8u91\6644\hotspot\src\share\vm\prims\jni.cpp, line 709]
Event: 242.869 Thread 0x000000001e024000 Exception <a 'sun/nio/fs/WindowsException'> (0x00000000e639ce58) thrown at [C:\re\workspace\8-2-build-windows-amd64-cygwin\jdk8u91\6644\hotspot\src\share\vm\prims\jni.cpp, line 709]
Event: 242.869 Thread 0x000000001e024000 Exception <a 'sun/nio/fs/WindowsException'> (0x00000000e639dd38) thrown at [C:\re\workspace\8-2-build-windows-amd64-cygwin\jdk8u91\6644\hotspot\src\share\vm\prims\jni.cpp, line 709]
Event: 242.870 Thread 0x000000001e024000 Exception <a 'sun/nio/fs/WindowsException'> (0x00000000e63a19b0) thrown at [C:\re\workspace\8-2-build-windows-amd64-cygwin\jdk8u91\6644\hotspot\src\share\vm\prims\jni.cpp, line 709]
Event: 242.870 Thread 0x000000001e024000 Exception <a 'sun/nio/fs/WindowsException'> (0x00000000e63a2508) thrown at [C:\re\workspace\8-2-build-windows-amd64-cygwin\jdk8u91\6644\hotspot\src\share\vm\prims\jni.cpp, line 709]
Event: 242.871 Thread 0x000000001e024000 Exception <a 'sun/nio/fs/WindowsException'> (0x00000000e63a44d0) thrown at [C:\re\workspace\8-2-build-windows-amd64-cygwin\jdk8u91\6644\hotspot\src\share\vm\prims\jni.cpp, line 709]
Event: 242.871 Thread 0x000000001e024000 Exception <a 'sun/nio/fs/WindowsException'> (0x00000000e63a5038) thrown at [C:\re\workspace\8-2-build-windows-amd64-cygwin\jdk8u91\6644\hotspot\src\share\vm\prims\jni.cpp, line 709]

Events (10 events):
Event: 243.499 Executing VM operation: ForceSafepoint done
Event: 243.585 Executing VM operation: RevokeBias
Event: 243.585 Executing VM operation: RevokeBias done
Event: 243.585 Executing VM operation: RevokeBias
Event: 243.585 Executing VM operation: RevokeBias done
Event: 243.585 Executing VM operation: RevokeBias
Event: 243.585 Executing VM operation: RevokeBias done
Event: 243.585 Executing VM operation: RevokeBias
Event: 243.585 Executing VM operation: RevokeBias done
Event: 243.595 Executing VM operation: ParallelGCFailedAllocation


Dynamic libraries:
0x00007ff638eb0000 - 0x00007ff638ee7000 	C:\Program Files\Java\jdk1.8.0_91\bin\java.exe
0x00007ffc7db20000 - 0x00007ffc7dd0d000 	C:\WINDOWS\SYSTEM32\ntdll.dll
0x00007ffc7ad50000 - 0x00007ffc7ae03000 	C:\WINDOWS\System32\KERNEL32.DLL
0x00007ffc79bf0000 - 0x00007ffc79e83000 	C:\WINDOWS\System32\KERNELBASE.dll
0x00007ffc7bc50000 - 0x00007ffc7bcf3000 	C:\WINDOWS\System32\ADVAPI32.dll
0x00007ffc7b6c0000 - 0x00007ffc7b75e000 	C:\WINDOWS\System32\msvcrt.dll
0x00007ffc7ae20000 - 0x00007ffc7aebe000 	C:\WINDOWS\System32\sechost.dll
0x00007ffc7b980000 - 0x00007ffc7baa2000 	C:\WINDOWS\System32\RPCRT4.dll
0x00007ffc7b510000 - 0x00007ffc7b6a7000 	C:\WINDOWS\System32\USER32.dll
0x00007ffc7a350000 - 0x00007ffc7a370000 	C:\WINDOWS\System32\win32u.dll
0x00007ffc7b120000 - 0x00007ffc7b149000 	C:\WINDOWS\System32\GDI32.dll
0x00007ffc7a150000 - 0x00007ffc7a2ea000 	C:\WINDOWS\System32\gdi32full.dll
0x00007ffc7a0b0000 - 0x00007ffc7a150000 	C:\WINDOWS\System32\msvcp_win.dll
0x00007ffc79fb0000 - 0x00007ffc7a0aa000 	C:\WINDOWS\System32\ucrtbase.dll
0x00007ffc741e0000 - 0x00007ffc74459000 	C:\WINDOWS\WinSxS\amd64_microsoft.windows.common-controls_6595b64144ccf1df_6.0.17763.503_none_05b23ef40721f4ae\COMCTL32.dll
0x00007ffc7d680000 - 0x00007ffc7d9ac000 	C:\WINDOWS\System32\combase.dll
0x00007ffc79f30000 - 0x00007ffc79fae000 	C:\WINDOWS\System32\bcryptPrimitives.dll
0x00007ffc7bbc0000 - 0x00007ffc7bbee000 	C:\WINDOWS\System32\IMM32.DLL
0x0000000063e10000 - 0x0000000063ee2000 	C:\Program Files\Java\jdk1.8.0_91\jre\bin\msvcr100.dll
0x0000000063570000 - 0x0000000063e03000 	C:\Program Files\Java\jdk1.8.0_91\jre\bin\server\jvm.dll
0x00007ffc7ae10000 - 0x00007ffc7ae18000 	C:\WINDOWS\System32\PSAPI.DLL
0x00007ffc75410000 - 0x00007ffc75419000 	C:\WINDOWS\SYSTEM32\WSOCK32.dll
0x00007ffc7b910000 - 0x00007ffc7b97d000 	C:\WINDOWS\System32\WS2_32.dll
0x00007ffc6b8f0000 - 0x00007ffc6b914000 	C:\WINDOWS\SYSTEM32\WINMM.dll
0x00007ffc78710000 - 0x00007ffc7871a000 	C:\WINDOWS\SYSTEM32\VERSION.dll
0x00007ffc6b770000 - 0x00007ffc6b79d000 	C:\WINDOWS\SYSTEM32\WINMMBASE.dll
0x00007ffc79ee0000 - 0x00007ffc79f2a000 	C:\WINDOWS\System32\cfgmgr32.dll
0x0000000063560000 - 0x000000006356f000 	C:\Program Files\Java\jdk1.8.0_91\jre\bin\verify.dll
0x0000000063530000 - 0x0000000063559000 	C:\Program Files\Java\jdk1.8.0_91\jre\bin\java.dll
0x0000000063510000 - 0x0000000063526000 	C:\Program Files\Java\jdk1.8.0_91\jre\bin\zip.dll
0x00007ffc7c190000 - 0x00007ffc7d680000 	C:\WINDOWS\System32\SHELL32.dll
0x00007ffc7bb10000 - 0x00007ffc7bbb8000 	C:\WINDOWS\System32\shcore.dll
0x00007ffc7a420000 - 0x00007ffc7ab6a000 	C:\WINDOWS\System32\windows.storage.dll
0x00007ffc79b40000 - 0x00007ffc79b64000 	C:\WINDOWS\System32\profapi.dll
0x00007ffc79b70000 - 0x00007ffc79bcd000 	C:\WINDOWS\System32\powrprof.dll
0x00007ffc7da10000 - 0x00007ffc7da62000 	C:\WINDOWS\System32\shlwapi.dll
0x00007ffc79b20000 - 0x00007ffc79b31000 	C:\WINDOWS\System32\kernel.appcore.dll
0x00007ffc79e90000 - 0x00007ffc79ea7000 	C:\WINDOWS\System32\cryptsp.dll
0x00000000634f0000 - 0x000000006350a000 	C:\Program Files\Java\jdk1.8.0_91\jre\bin\net.dll
0x00007ffc79340000 - 0x00007ffc793a7000 	C:\WINDOWS\system32\mswsock.dll
0x00000000634d0000 - 0x00000000634e1000 	C:\Program Files\Java\jdk1.8.0_91\jre\bin\nio.dll
0x00007ffc4cb90000 - 0x00007ffc4cbae000 	C:\Users\xpx\.gradle\wrapper\dists\gradle-5.1.1-all\native\25\windows-amd64\native-platform.dll
0x00000000634c0000 - 0x00000000634cd000 	C:\Program Files\Java\jdk1.8.0_91\jre\bin\management.dll
0x00007ffc78f00000 - 0x00007ffc78f33000 	C:\WINDOWS\system32\rsaenh.dll
0x00007ffc79eb0000 - 0x00007ffc79ed6000 	C:\WINDOWS\System32\bcrypt.dll
0x00007ffc79a50000 - 0x00007ffc79a78000 	C:\WINDOWS\SYSTEM32\USERENV.dll
0x00007ffc79510000 - 0x00007ffc7951c000 	C:\WINDOWS\SYSTEM32\CRYPTBASE.dll
0x00007ffc790a0000 - 0x00007ffc790dd000 	C:\WINDOWS\SYSTEM32\IPHLPAPI.DLL
0x00007ffc7bd00000 - 0x00007ffc7bd08000 	C:\WINDOWS\System32\NSI.dll
0x00007ffc75450000 - 0x00007ffc75466000 	C:\WINDOWS\SYSTEM32\dhcpcsvc6.DLL
0x00007ffc74d80000 - 0x00007ffc74d9c000 	C:\WINDOWS\SYSTEM32\dhcpcsvc.DLL
0x00007ffc790e0000 - 0x00007ffc791a6000 	C:\WINDOWS\SYSTEM32\DNSAPI.dll
0x00007ffc74e60000 - 0x00007ffc7504d000 	C:\WINDOWS\SYSTEM32\dbghelp.dll

VM Arguments:
jvm_args: -Xmx1536m -Dfile.encoding=GBK -Duser.country=CN -Duser.language=zh -Duser.variant 
java_command: org.gradle.launcher.daemon.bootstrap.GradleDaemon 5.1.1
java_class_path (initial): C:\Users\xpx\.gradle\wrapper\dists\gradle-5.1.1-all\wrapper\dists\gradle-5.1.1-all\97z1ksx6lirer3kbvdnh7jtjg\gradle-5.1.1\lib\gradle-launcher-5.1.1.jar
Launcher Type: SUN_STANDARD

Environment Variables:
JAVA_HOME=C:\Program Files\Java\jdk1.8.0_91
PATH=C:\ProgramData\Oracle\Java\javapath;C:\WINDOWS\system32;C:\WINDOWS;C:\WINDOWS\System32\Wbem;C:\WINDOWS\System32\WindowsPowerShell\v1.0\;C:\Program Files\TortoiseSVN\bin;C:\Program Files\Java\jdk1.8.0_91\bin;C:\Program Files\Java\jdk1.8.0_91\jre\bin;F:\apache-maven-3.5.0\bin;G:\sdk\platform-tools;C:\Users\xpx\.gradle\wrapper\dists\gradle-3.3-all\55gk2rcmfc6p2dg9u9ohc3hw9\gradle-3.3\bin;;C:\WINDOWS\System32\OpenSSH\;C:\Program Files\IDM Computer Solutions\UltraEdit;C:\Users\xpx\AppData\Local\Microsoft\WindowsApps;
USERNAME=xpx
OS=Windows_NT
PROCESSOR_IDENTIFIER=Intel64 Family 6 Model 94 Stepping 3, GenuineIntel



---------------  S Y S T E M  ---------------

OS: Windows 10.0 , 64 bit Build 17763 (10.0.17763.475)

CPU:total 4 (4 cores per cpu, 1 threads per core) family 6 model 94 stepping 3, cmov, cx8, fxsr, mmx, sse, sse2, sse3, ssse3, sse4.1, sse4.2, popcnt, avx, avx2, aes, clmul, erms, rtm, 3dnowpref, lzcnt, tsc, tscinvbit, bmi1, bmi2, adx

Memory: 4k page, physical 8266128k(1469940k free), swap 13771152k(3071336k free)

vm_info: Java HotSpot(TM) 64-Bit Server VM (25.91-b14) for windows-amd64 JRE (1.8.0_91-b14), built on Apr  1 2016 00:58:32 by "java_re" with MS VC++ 10.0 (VS2010)

time: Fri May 24 15:20:45 2019
elapsed time: 243 seconds (0d 0h 4m 3s)

